apps/core-dashboard                      |  WARN  The field "pnpm" was found in C:\CORE\apps\core-dashboard/package.json. This will not take effect. You should configure "pnpm" at the root of the workspace instead.
Scope: all 16 workspace projects
Progress: resolved 1, reused 0, downloaded 0, added 0
apps/core-market                         |  WARN  deprecated @types/mapbox-gl@3.5.0
apps/core-dashboard2                     |  WARN  deprecated recharts@2.15.2
apps/core-marketing                      |  WARN  deprecated @supabase/auth-helpers-nextjs@0.15.0
apps/core-workspace                      |  WARN  deprecated eslint@8.57.1
Progress: resolved 102, reused 102, downloaded 0, added 0
Progress: resolved 105, reused 105, downloaded 0, added 0
apps/core-workspace                      |  WARN  deprecated next@14.2.5
apps/core-biblio                         |  WARN  deprecated next@14.2.3
Progress: resolved 107, reused 107, downloaded 0, added 0
Progress: resolved 109, reused 109, downloaded 0, added 0
Progress: resolved 174, reused 164, downloaded 0, added 0
Progress: resolved 492, reused 458, downloaded 0, added 0
Progress: resolved 903, reused 802, downloaded 0, added 0
Progress: resolved 998, reused 824, downloaded 0, added 0
 WARN  6 deprecated subdependencies found: @humanwhocodes/config-array@0.13.0, @humanwhocodes/object-schema@2.0.3, glob@10.3.10, glob@7.2.3, inflight@1.0.6, rimraf@3.0.2
Progress: resolved 1012, reused 837, downloaded 0, added 0
Already up to date
Progress: resolved 1012, reused 838, downloaded 0, added 0, done

 WARN  Issues with peer dependencies found
apps/core-biblio
└─┬ tailwindcss 3.4.19
  └─┬ postcss-load-config 6.0.1
    └── ✕ unmet peer yaml@^2.4.2: found 1.10.3

apps/core-dashboard
├─┬ vite 6.3.5
│ └── ✕ unmet peer yaml@^2.4.2: found 1.10.3
└─┬ @types/react-dom 18.3.7
  └── ✕ unmet peer @types/react@^18.0.0: found 19.2.17

apps/core-dashboard2
└─┬ vite 6.3.5
  └── ✕ unmet peer yaml@^2.4.2: found 1.10.3

apps/core-market
├─┬ vite 6.3.5
│ └── ✕ unmet peer yaml@^2.4.2: found 1.10.3
└─┬ @types/react-dom 18.3.7
  └── ✕ unmet peer @types/react@^18.0.0: found 19.2.17

apps/core-workspace
└─┬ tailwindcss 3.4.19
  └─┬ postcss-load-config 6.0.1
    └── ✕ unmet peer yaml@^2.4.2: found 1.10.3

Done in 10.7s
